{"numTotalTestSuites":2,"numPassedTestSuites":2,"numFailedTestSuites":0,"numPendingTestSuites":0,"numTotalTests":4,"numPassedTests":4,"numFailedTests":0,"numPendingTests":0,"numTodoTests":0,"snapshot":{"added":0,"failure":false,"filesAdded":0,"filesRemoved":0,"filesRemovedList":[],"filesUnmatched":0,"filesUpdated":0,"matched":0,"total":0,"unchecked":0,"uncheckedKeysByFile":[],"unmatched":0,"updated":0,"didUpdate":false},"startTime":1773849439685,"success":true,"testResults":[{"assertionResults":[{"ancestorTitles":["usePrimeDexStore"],"fullName":"usePrimeDexStore should add and remove favorites","status":"passed","title":"should add and remove favorites","duration":1.8402000000000953,"failureMessages":[],"meta":{}},{"ancestorTitles":["usePrimeDexStore"],"fullName":"usePrimeDexStore should add to team up to 6 members","status":"passed","title":"should add to team up to 6 members","duration":0.5932000000000244,"failureMessages":[],"meta":{}},{"ancestorTitles":["usePrimeDexStore"],"fullName":"usePrimeDexStore should update quiz high scores","status":"passed","title":"should update quiz high scores","duration":0.3425999999999476,"failureMessages":[],"meta":{}},{"ancestorTitles":["usePrimeDexStore"],"fullName":"usePrimeDexStore should add badges and check for them","status":"passed","title":"should add badges and check for them","duration":0.4694000000001779,"failureMessages":[],"meta":{}}],"startTime":1773849441001,"endTime":1773849441004.4695,"status":"passed","message":"","name":"C:/Users/estde/Documents/GitHub/Site Web/Poke/src/store/primedex.test.ts"}]}
